<?xml version="1.0" encoding="UTF-8"?>
<!-- Generated by org.testng.reporters.JUnitXMLReporter -->
<testsuite ignored="0" hostname="Lokeshwari" failures="1" tests="1" name="Default test" time="7.394" errors="0" timestamp="2025-06-18T22:02:56 IST">
  <testcase classname="io.cucumber.testng.AbstractTestNGCucumberTests" name="runScenario" time="7.139">
    <failure type="io.cucumber.java.PendingException" message="TODO: implement me">
      <![CDATA[io.cucumber.java.PendingException: TODO: implement me
at StepDefinitions.Tokens.value_of_is_in_payload(Tokens.java:19)
at âœ½.value of '3' is 3 in payload(file:///G:/Jagan/CASATask/src/test/resources/Features/CasaTask.feature:8)
]]>
    </failure>
  </testcase> <!-- runScenario -->
</testsuite> <!-- Default test -->
