<?xml version="1.0" encoding="UTF-8"?>
<!-- Generated by org.testng.reporters.JUnitReportReporter -->
<testsuite hostname="Lokeshwari" failures="0" tests="1" name="Framework.TestRunner" time="7.139" errors="1" timestamp="2025-06-18T22:02:56 IST" skipped="0">
  <testcase classname="Framework.TestRunner" name="runScenario" time="7.139">
    <error message="TODO: implement me" type="io.cucumber.java.PendingException">
      <![CDATA[io.cucumber.java.PendingException: TODO: implement me
at StepDefinitions.Tokens.value_of_is_in_payload(Tokens.java:19)
at âœ½.value of '3' is 3 in payload(file:///G:/Jagan/CASATask/src/test/resources/Features/CasaTask.feature:8)
]]>
    </error>
  </testcase> <!-- runScenario -->
</testsuite> <!-- Framework.TestRunner -->
